============================================================================================== 
Warning! Mixing Conda and module environments may lead to corruption of the
user environment. 
We do not recommend users mixing those two environments unless absolutely
necessary. Note that 
SURF does not provide any support for Conda environment.
For more information, please refer to our software policy page:
https://servicedesk.surf.nl/wiki/display/WIKI/Software+policy+Snellius#SoftwarepolicySnellius-UseofAnacondaandMinicondaenvironmentsonSnellius 

Remember that many packages have already been installed on the system and can
be loaded using 
the 'module load <package__name>' command. If you are uncertain if a package is
already available 
on the system, please use 'module avail' or 'module spider' to search for it.
============================================================================================== 
Starting debug training run...
Traceback (most recent call last):
  File "/gpfs/home1/gkoopman/lean_reinforcement/src/lean_rl/agents/transformer/training.py", line 27, in <module>
    from .repository import RepoManager
ImportError: attempted relative import with no known parent package
srun: error: gcn29: task 0: Exited with exit code 1
srun: Terminating StepId=14316220.0
Debug training run finished.

JOB STATISTICS
==============
Job ID: 14316220
Cluster: snellius
User/Group: gkoopman/gkoopman
State: RUNNING
Nodes: 1
Cores per node: 18
CPU Utilized: 00:00:00
CPU Efficiency: 0.00% of 00:03:36 core-walltime
Job Wall-clock time: 00:00:12
Memory Utilized: 0.00 MB
Memory Efficiency: 0.00% of 120.00 GB (120.00 GB/node)
WARNING: Efficiency statistics can only be obtained after the job has ended as seff tool is based on the accounting database data.
