============================================================================================== 
Warning! Mixing Conda and module environments may lead to corruption of the
user environment. 
We do not recommend users mixing those two environments unless absolutely
necessary. Note that 
SURF does not provide any support for Conda environment.
For more information, please refer to our software policy page:
https://servicedesk.surf.nl/wiki/display/WIKI/Software+policy+Snellius#SoftwarepolicySnellius-UseofAnacondaandMinicondaenvironmentsonSnellius 

Remember that many packages have already been installed on the system and can
be loaded using 
the 'module load <package__name>' command. If you are uncertain if a package is
already available 
on the system, please use 'module avail' or 'module spider' to search for it.
============================================================================================== 
Starting debug training run...
/home/gkoopman/.conda/envs/lean-reinforcement/bin/python3: Error while finding module specification for 'src.lean_rl.agents.transformer.training' (ModuleNotFoundError: No module named 'src')
srun: error: gcn29: task 0: Exited with exit code 1
srun: Terminating StepId=14316286.0
Debug training run finished.

JOB STATISTICS
==============
Job ID: 14316286
Cluster: snellius
User/Group: gkoopman/gkoopman
State: COMPLETED (exit code 0)
Nodes: 1
Cores per node: 18
CPU Utilized: 00:00:01
CPU Efficiency: 0.62% of 00:02:42 core-walltime
Job Wall-clock time: 00:00:09
Memory Utilized: 3.62 MB
Memory Efficiency: 0.00% of 120.00 GB (120.00 GB/node)
