============================================================================================== 
Warning! Mixing Conda and module environments may lead to corruption of the
user environment. 
We do not recommend users mixing those two environments unless absolutely
necessary. Note that 
SURF does not provide any support for Conda environment.
For more information, please refer to our software policy page:
https://servicedesk.surf.nl/wiki/display/WIKI/Software+policy+Snellius#SoftwarepolicySnellius-UseofAnacondaandMinicondaenvironmentsonSnellius 

Remember that many packages have already been installed on the system and can
be loaded using 
the 'module load <package__name>' command. If you are uncertain if a package is
already available 
on the system, please use 'module avail' or 'module spider' to search for it.
============================================================================================== 
no change     /sw/arch/RHEL9/EB_production/2024/software/Anaconda3/2024.06-1/condabin/conda
no change     /sw/arch/RHEL9/EB_production/2024/software/Anaconda3/2024.06-1/bin/conda
no change     /sw/arch/RHEL9/EB_production/2024/software/Anaconda3/2024.06-1/bin/conda-env
no change     /sw/arch/RHEL9/EB_production/2024/software/Anaconda3/2024.06-1/bin/activate
no change     /sw/arch/RHEL9/EB_production/2024/software/Anaconda3/2024.06-1/bin/deactivate
no change     /sw/arch/RHEL9/EB_production/2024/software/Anaconda3/2024.06-1/etc/profile.d/conda.sh
no change     /sw/arch/RHEL9/EB_production/2024/software/Anaconda3/2024.06-1/etc/fish/conf.d/conda.fish
no change     /sw/arch/RHEL9/EB_production/2024/software/Anaconda3/2024.06-1/shell/condabin/Conda.psm1
no change     /sw/arch/RHEL9/EB_production/2024/software/Anaconda3/2024.06-1/shell/condabin/conda-hook.ps1
no change     /sw/arch/RHEL9/EB_production/2024/software/Anaconda3/2024.06-1/lib/python3.12/site-packages/xontrib/conda.xsh
no change     /sw/arch/RHEL9/EB_production/2024/software/Anaconda3/2024.06-1/etc/profile.d/conda.csh
no change     /home/gkoopman/.bashrc
No action taken.

CondaError: Run 'conda init' before 'conda activate'

Traceback (most recent call last):
  File "/gpfs/home1/gkoopman/leanreinforcement/demo_lean4.py", line 6, in <module>
    from lean_dojo import LeanGitRepo, trace
ModuleNotFoundError: No module named 'lean_dojo'
srun: error: gcn4: task 0: Exited with exit code 1
srun: Terminating StepId=12166473.0

JOB STATISTICS
==============
Job ID: 12166473
Cluster: snellius
User/Group: gkoopman/gkoopman
State: RUNNING
Nodes: 1
Cores per node: 9
CPU Utilized: 00:00:00
CPU Efficiency: 0.00% of 00:01:57 core-walltime
Job Wall-clock time: 00:00:13
Memory Utilized: 0.00 MB
Memory Efficiency: 0.00% of 60.00 GB (60.00 GB/node)
WARNING: Efficiency statistics can only be obtained after the job has ended as seff tool is based on the accounting database data.
