============================================================================================== 
Warning! Mixing Conda and module environments may lead to corruption of the
user environment. 
We do not recommend users mixing those two environments unless absolutely
necessary. Note that 
SURF does not provide any support for Conda environment.
For more information, please refer to our software policy page:
https://servicedesk.surf.nl/wiki/display/WIKI/Software+policy+Snellius#SoftwarepolicySnellius-UseofAnacondaandMinicondaenvironmentsonSnellius 

Remember that many packages have already been installed on the system and can
be loaded using 
the 'module load <package__name>' command. If you are uncertain if a package is
already available 
on the system, please use 'module avail' or 'module spider' to search for it.
============================================================================================== 
Retrieving notices: ...working... done

EnvironmentFileNotFound: '/gpfs/home1/gkoopman/lean_reinforcement/src/environment.yml' file not found


JOB STATISTICS
==============
Job ID: 13152344
Cluster: snellius
User/Group: gkoopman/gkoopman
State: FAILED (exit code 1)
Nodes: 1
Cores per node: 9
CPU Utilized: 00:00:01
CPU Efficiency: 0.93% of 00:01:48 core-walltime
Job Wall-clock time: 00:00:12
Memory Utilized: 1.63 MB
Memory Efficiency: 0.00% of 60.00 GB (60.00 GB/node)
