============================================================================================== 
Warning! Mixing Conda and module environments may lead to corruption of the
user environment. 
We do not recommend users mixing those two environments unless absolutely
necessary. Note that 
SURF does not provide any support for Conda environment.
For more information, please refer to our software policy page:
https://servicedesk.surf.nl/wiki/display/WIKI/Software+policy+Snellius#SoftwarepolicySnellius-UseofAnacondaandMinicondaenvironmentsonSnellius 

Remember that many packages have already been installed on the system and can
be loaded using 
the 'module load <package__name>' command. If you are uncertain if a package is
already available 
on the system, please use 'module avail' or 'module spider' to search for it.
============================================================================================== 

Remove all packages in environment /home/gkoopman/.conda/envs/lean-reinforcement:


## Package Plan ##

  environment location: /home/gkoopman/.conda/envs/lean-reinforcement


The following packages will be REMOVED:

  _libgcc_mutex-0.1-main
  _openmp_mutex-5.1-1_gnu
  anyio-4.7.0-py310h06a4308_0
  aom-3.9.1-hac33072_0
  argon2-cffi-21.3.0-pyhd3eb1b0_0
  argon2-cffi-bindings-21.2.0-py310h5eee18b_1
  asttokens-3.0.0-py310h06a4308_0
  async-lru-2.0.4-py310h06a4308_0
  attrs-24.3.0-py310h06a4308_0
  babel-2.16.0-py310h06a4308_0
  beautifulsoup4-4.12.3-py310h06a4308_0
  blas-1.0-mkl
  bleach-6.2.0-py310h06a4308_0
  brotli-python-1.0.9-py310h6a678d5_9
  bzip2-1.0.8-h5eee18b_6
  c-ares-1.19.1-h5eee18b_0
  ca-certificates-2025.10.5-hbd8a1cb_0
  cairo-1.16.0-he5ede1b_6
  certifi-2025.10.5-pyhd8ed1ab_0
  cffi-1.17.1-py310h1fdaa30_1
  charset-normalizer-3.3.2-pyhd3eb1b0_0
  comm-0.2.1-py310h06a4308_0
  contourpy-1.3.1-py310hdb19cb5_0
  cryptography-45.0.6-py310hed992bd_0
  cuda-cudart-12.4.127-0
  cuda-cupti-12.4.127-0
  cuda-libraries-12.4.1-0
  cuda-nvrtc-12.4.127-0
  cuda-nvtx-12.4.127-0
  cuda-opencl-13.0.39-h59263cc_0
  cuda-runtime-12.4.1-0
  cuda-version-13.0-3
  cycler-0.11.0-pyhd3eb1b0_0
  cyrus-sasl-2.1.28-h52b45da_1
  dav1d-1.2.1-hd590300_0
  dbus-1.13.18-hb2f20db_0
  debugpy-1.8.11-py310h6a678d5_0
  decorator-5.1.1-pyhd3eb1b0_0
  defusedxml-0.7.1-pyhd3eb1b0_0
  deprecated-1.3.1-pyhd8ed1ab_0
  exceptiongroup-1.2.0-py310h06a4308_0
  executing-0.8.3-pyhd3eb1b0_0
  expat-2.7.1-h6a678d5_0
  filelock-3.17.0-py310h06a4308_0
  fontconfig-2.15.0-h7e30c49_1
  fonttools-4.55.3-py310h5eee18b_0
  freetype-2.14.1-ha770c72_0
  fribidi-1.0.16-hb03c661_0
  git-lfs-3.7.1-h6138981_0
  glib-2.78.4-h6a678d5_0
  glib-tools-2.78.4-h6a678d5_0
  gmp-6.3.0-h6a678d5_0
  gmpy2-2.2.1-py310h5eee18b_0
  graphite2-1.3.14-hecca717_2
  h11-0.16.0-py310h06a4308_0
  harfbuzz-10.2.0-hdfddeaa_1
  httpcore-1.0.9-py310h06a4308_0
  httpx-0.28.1-py310h06a4308_0
  icu-73.1-h6a678d5_0
  idna-3.7-py310h06a4308_0
  intel-openmp-2025.0.0-h06a4308_1171
  ipykernel-7.1.0-pyha191276_0
  ipython-8.30.0-py310h06a4308_0
  ipywidgets-8.1.5-py310h06a4308_0
  jedi-0.19.2-py310h06a4308_0
  jinja2-3.1.6-py310h06a4308_0
  jpeg-9e-h5eee18b_3
  json5-0.9.25-py310h06a4308_0
  jsonschema-4.23.0-py310h06a4308_0
  jsonschema-specifications-2023.7.1-py310h06a4308_0
  jupyter-1.1.1-pyhd8ed1ab_1
  jupyter-lsp-2.2.5-py310h06a4308_0
  jupyter_client-8.6.3-py310h06a4308_0
  jupyter_console-6.6.3-py310h06a4308_0
  jupyter_core-5.7.2-py310h06a4308_0
  jupyter_events-0.12.0-py310h06a4308_0
  jupyter_server-2.15.0-py310h06a4308_0
  jupyter_server_terminals-0.5.3-py310h06a4308_0
  jupyterlab-4.3.4-py310h06a4308_0
  jupyterlab_pygments-0.3.0-py310h06a4308_0
  jupyterlab_server-2.27.3-py310h06a4308_0
  jupyterlab_widgets-3.0.13-py310h06a4308_0
  kiwisolver-1.4.8-py310h6a678d5_0
  krb5-1.20.1-h143b758_1
  lcms2-2.16-h92b89f2_1
  ld_impl_linux-64-2.40-h12ee557_0
  lerc-4.0.0-h6a678d5_0
  libabseil-20250127.0-cxx17_h6a678d5_0
  libavif-1.3.0-h6395336_2
  libavif16-1.3.0-h6395336_2
  libclang13-14.0.6-default_h9986a30_1
  libcublas-12.4.5.8-0
  libcufft-11.2.1.3-0
  libcufile-1.15.0.42-0
  libcups-2.3.3-h36d4200_3
  libcurand-10.4.0.35-h50d9014_0
  libcurl-8.16.0-heebcbe5_0
  libcusolver-11.6.1.9-0
  libcusparse-12.3.1.170-0
  libdeflate-1.22-h5eee18b_0
  libedit-3.1.20230828-h5eee18b_0
  libev-4.33-h7f8727e_1
  libexpat-2.7.1-hecca717_0
  libffi-3.4.4-h6a678d5_1
  libfreetype-2.14.1-ha770c72_0
  libfreetype6-2.14.1-h73754d4_0
  libgcc-15.1.0-h767d61c_3
  libgcc-ng-15.1.0-h69a702a_3
  libgl-1.7.0-ha4b6fd6_2
  libglib-2.78.4-hdc74915_0
  libglvnd-1.7.0-ha4b6fd6_2
  libglx-1.7.0-ha4b6fd6_2
  libgomp-15.1.0-h767d61c_3
  libiconv-1.16-h5eee18b_3
  libidn2-2.3.8-hfac485b_1
  libllvm14-14.0.6-hcd5def8_4
  liblzma-5.8.1-hb9d3cd8_2
  liblzma-devel-5.8.1-hb9d3cd8_2
  libnghttp2-1.57.0-h2d74bed_0
  libnpp-12.2.5.30-0
  libnsl-2.0.1-hb9d3cd8_1
  libnvfatbin-13.0.85-hf384b4a_0
  libnvjitlink-12.4.127-0
  libnvjpeg-12.3.1.117-0
  libpng-1.6.50-h421ea60_1
  libpq-17.4-hdbd6064_0
  libprotobuf-5.29.3-h501fc15_0
  libsodium-1.0.18-h7b6447c_0
  libsqlite-3.50.4-h0c1763c_0
  libssh2-1.11.1-hcf80075_0
  libstdcxx-15.1.0-h8f9b012_3
  libstdcxx-ng-15.1.0-h4852527_3
  libtiff-4.7.0-hde9077f_0
  libunistring-0.9.10-h7f98852_0
  libuuid-2.41.2-he9a06e4_0
  libwebp-base-1.3.2-h5eee18b_1
  libxcb-1.17.0-h9b100fa_0
  libxcrypt-4.4.36-hd590300_1
  libxkbcommon-1.9.1-h69220b7_0
  libxml2-2.13.9-h2c43086_0
  libxslt-1.1.43-h7a3aeb2_0
  libzlib-1.3.1-hb9d3cd8_2
  llvm-openmp-15.0.7-h0cdce71_0
  loguru-0.7.3-pyh707e725_0
  lxml-6.0.2-py310h93f867a_0
  lz4-c-1.9.4-h6a678d5_1
  markupsafe-3.0.2-py310h5eee18b_0
  matplotlib-3.10.7-py310hff52083_0
  matplotlib-base-3.10.7-py310hfde16b3_0
  matplotlib-inline-0.1.6-py310h06a4308_0
  minizip-4.0.3-hf59b114_0
  mistune-3.1.2-py310h06a4308_0
  mkl-2025.0.0-hacee8c2_941
  mkl-service-2.4.0-py310h5eee18b_3
  mkl_fft-1.3.11-py310hacdc0fc_1
  mkl_random-1.2.8-py310h2fd27a0_1
  mpc-1.3.1-h5eee18b_0
  mpfr-4.2.1-h5eee18b_0
  mpmath-1.3.0-py310h06a4308_0
  mysql-8.4.0-h721767e_2
  nbclient-0.10.2-py310h06a4308_0
  nbconvert-core-7.16.6-py310h06a4308_0
  nbformat-5.10.4-py310h06a4308_0
  ncurses-6.5-h2d0b736_3
  nest-asyncio-1.6.0-py310h06a4308_0
  networkx-3.4.2-pyh267e887_2
  notebook-7.3.2-py310h06a4308_0
  notebook-shim-0.2.4-py310h06a4308_0
  nspr-4.37-h29cc59b_0
  nss-3.117-h445c969_0
  numpy-2.2.5-py310h64c44e4_1
  numpy-base-2.2.5-py310he1678cf_1
  ocl-icd-2.3.2-h5eee18b_1
  openjpeg-2.5.2-h0d4d230_1
  openldap-2.6.4-h42fbc30_0
  openssl-3.5.4-h26f9b46_0
  overrides-7.4.0-py310h06a4308_0
  packaging-24.2-py310h06a4308_0
  pandocfilters-1.5.0-pyhd3eb1b0_0
  parso-0.8.4-py310h06a4308_0
  pcre2-10.42-hcad00b1_0
  pexpect-4.8.0-pyhd3eb1b0_3
  pillow-11.3.0-py310hb1c3d2d_0
  pip-25.2-pyh8b19718_0
  pixman-0.46.4-h54a6638_1
  platformdirs-4.3.7-py310h06a4308_0
  prometheus_client-0.21.1-py310h06a4308_0
  prompt-toolkit-3.0.43-py310h06a4308_0
  prompt_toolkit-3.0.43-hd3eb1b0_0
  psutil-7.0.0-py310h7c4b9e2_1
  pthread-stubs-0.3-h0ce48e5_1
  ptyprocess-0.7.0-pyhd3eb1b0_2
  pure_eval-0.2.2-pyhd3eb1b0_0
  pycparser-2.21-pyhd3eb1b0_0
  pygithub-2.8.1-pyhd8ed1ab_0
  pygments-2.19.1-py310h06a4308_0
  pyjwt-2.10.1-pyhd8ed1ab_0
  pynacl-1.5.0-py310h2372a71_3
  pyparsing-3.2.0-py310h06a4308_0
  pyside6-6.7.3-py310hfe4ef28_1
  pysocks-1.7.1-py310h06a4308_0
  python-3.10.19-h3c07f61_2_cpython
  python-dateutil-2.9.0post0-py310h06a4308_2
  python-fastjsonschema-2.20.0-py310h06a4308_0
  python-json-logger-3.2.1-py310h06a4308_0
  python_abi-3.10-2_cp310
  pytorch-2.5.1-py3.10_cuda12.4_cudnn9.1.0_0
  pytorch-cuda-12.4-hc786d27_7
  pytorch-mutex-1.0-cuda
  pyyaml-6.0.2-py310h5eee18b_0
  pyzmq-26.2.0-py310h6a678d5_0
  qhull-2020.2-h4bd325d_2
  qtbase-6.7.3-hdaa5aa8_0
  qtdeclarative-6.7.3-h6a678d5_0
  qtshadertools-6.7.3-h7934f7d_1
  qtsvg-6.7.3-he4bddd1_1
  qttools-6.7.3-h80c7b02_0
  qtwebchannel-6.7.3-h6a678d5_0
  qtwebengine-6.7.3-h7abb84b_0
  qtwebsockets-6.7.3-h6a678d5_0
  rav1e-0.7.1-h8fae777_3
  readline-8.2-h5eee18b_0
  referencing-0.30.2-py310h06a4308_0
  requests-2.32.3-py310h06a4308_1
  rfc3339-validator-0.1.4-py310h06a4308_0
  rfc3986-validator-0.1.1-py310h06a4308_0
  rpds-py-0.22.3-py310h4aa5aa6_0
  send2trash-1.8.2-py310h06a4308_1
  setuptools-72.1.0-py310h06a4308_0
  six-1.17.0-py310h06a4308_0
  sniffio-1.3.0-py310h06a4308_0
  soupsieve-2.5-py310h06a4308_0
  sqlite-3.50.4-hbc0de68_0
  stack_data-0.2.0-pyhd3eb1b0_0
  svt-av1-3.1.2-hecca717_0
  sympy-1.13.3-py310h06a4308_1
  tbb-2022.0.0-hdb19cb5_0
  tbb-devel-2022.0.0-hdb19cb5_0
  terminado-0.17.1-py310h06a4308_0
  tinycss2-1.4.0-py310h06a4308_0
  tk-8.6.13-noxft_hd72426e_102
  tomli-2.0.1-py310h06a4308_0
  torchtriton-3.1.0-py310
  tornado-6.5-py310h5eee18b_0
  traitlets-5.14.3-py310h06a4308_0
  typing-extensions-4.12.2-py310h06a4308_0
  typing_extensions-4.12.2-py310h06a4308_0
  tzdata-2025b-h04d1e81_0
  unicodedata2-15.1.0-py310h5eee18b_1
  urllib3-2.3.0-py310h06a4308_0
  wcwidth-0.2.5-pyhd3eb1b0_0
  webencodings-0.5.1-py310h06a4308_1
  websocket-client-1.8.0-py310h06a4308_0
  wheel-0.45.1-py310h06a4308_0
  widgetsnbextension-4.0.13-py310h06a4308_0
  wrapt-1.17.3-py310h7c4b9e2_0
  xcb-util-0.4.1-h5eee18b_2
  xcb-util-cursor-0.1.5-h5eee18b_0
  xcb-util-image-0.4.0-h5eee18b_2
  xcb-util-renderutil-0.3.10-h5eee18b_0
  xkeyboard-config-2.44-h5eee18b_0
  xorg-libx11-1.8.12-h9b100fa_1
  xorg-libxau-1.0.12-h9b100fa_0
  xorg-libxdmcp-1.1.5-h9b100fa_0
  xorg-libxext-1.3.6-hb9d3cd8_0
  xorg-libxrender-0.9.12-hb9d3cd8_0
  xorg-xorgproto-2024.1-h5eee18b_1
  xz-5.8.1-hbcc6ac9_2
  xz-gpl-tools-5.8.1-hbcc6ac9_2
  xz-tools-5.8.1-hb9d3cd8_2
  yaml-0.2.5-h7b6447c_0
  zeromq-4.3.5-h6a678d5_0
  zlib-1.3.1-hb9d3cd8_2
  zstd-1.5.7-hb8e6e7a_2


Proceed ([y]/n)? 
Preparing transaction: ...working... done
Verifying transaction: ...working... done
Executing transaction: ...working... done
Everything found within the environment (/home/gkoopman/.conda/envs/lean-reinforcement), including any conda environment configurations and any non-conda files, will be deleted. Do you wish to continue?
 (y/[n])? 

CondaSystemExit: Exiting.


CondaValueError: prefix already exists: /home/gkoopman/.conda/envs/lean-reinforcement

