============================================================================================== 
Warning! Mixing Conda and module environments may lead to corruption of the
user environment. 
We do not recommend users mixing those two environments unless absolutely
necessary. Note that 
SURF does not provide any support for Conda environment.
For more information, please refer to our software policy page:
https://servicedesk.surf.nl/wiki/display/WIKI/Software+policy+Snellius#SoftwarepolicySnellius-UseofAnacondaandMinicondaenvironmentsonSnellius 

Remember that many packages have already been installed on the system and can
be loaded using 
the 'module load <package__name>' command. If you are uncertain if a package is
already available 
on the system, please use 'module avail' or 'module spider' to search for it.
============================================================================================== 
Retrieving notices: ...working... done
Channels:
 - pytorch
 - nvidia
 - conda-forge
 - defaults
Platform: linux-64
Collecting package metadata (repodata.json): ...working... done
Solving environment: ...working... failed

PackagesNotFoundError: The following packages are not available from current channels:

  - nvidia-ml-py3

Current channels:

  - https://conda.anaconda.org/pytorch/linux-64
  - https://conda.anaconda.org/nvidia/linux-64
  - https://conda.anaconda.org/conda-forge/linux-64
  - https://repo.anaconda.com/pkgs/main/linux-64
  - https://repo.anaconda.com/pkgs/r/linux-64

To search for alternate channels that may provide the conda package you're
looking for, navigate to

    https://anaconda.org

and use the search bar at the top of the page.



JOB STATISTICS
==============
Job ID: 14271028
Cluster: snellius
User/Group: gkoopman/gkoopman
State: RUNNING
Nodes: 1
Cores per node: 9
CPU Utilized: 00:00:00
CPU Efficiency: 0.00% of 00:08:42 core-walltime
Job Wall-clock time: 00:00:58
Memory Utilized: 0.00 MB
Memory Efficiency: 0.00% of 60.00 GB (60.00 GB/node)
WARNING: Efficiency statistics can only be obtained after the job has ended as seff tool is based on the accounting database data.
