============================================================================================== 
Warning! Mixing Conda and module environments may lead to corruption of the
user environment. 
We do not recommend users mixing those two environments unless absolutely
necessary. Note that 
SURF does not provide any support for Conda environment.
For more information, please refer to our software policy page:
https://servicedesk.surf.nl/wiki/display/WIKI/Software+policy+Snellius#SoftwarepolicySnellius-UseofAnacondaandMinicondaenvironmentsonSnellius 

Remember that many packages have already been installed on the system and can
be loaded using 
the 'module load <package__name>' command. If you are uncertain if a package is
already available 
on the system, please use 'module avail' or 'module spider' to search for it.
============================================================================================== 

Remove all packages in environment /home/gkoopman/.conda/envs/lean-reinforcement:


## Package Plan ##

  environment location: /home/gkoopman/.conda/envs/lean-reinforcement


The following packages will be REMOVED:

  _libgcc_mutex-0.1-conda_forge
  _openmp_mutex-4.5-2_gnu
  alsa-lib-1.2.14-hb9d3cd8_0
  anyio-4.11.0-pyhcf101f3_0
  argon2-cffi-25.1.0-pyhd8ed1ab_0
  argon2-cffi-bindings-25.1.0-py310h7c4b9e2_1
  arrow-1.4.0-pyhcf101f3_0
  asttokens-3.0.0-pyhd8ed1ab_1
  async-lru-2.0.5-pyh29332c3_0
  attrs-25.4.0-pyh71513ae_0
  babel-2.17.0-pyhd8ed1ab_0
  beautifulsoup4-4.14.2-pyha770c72_0
  blas-1.0-mkl
  bleach-6.2.0-pyh29332c3_4
  bleach-with-css-6.2.0-h82add2a_4
  brotli-1.2.0-h41a2e66_0
  brotli-bin-1.2.0-hf2c8021_0
  brotli-python-1.2.0-py310h8cfb67f_0
  bzip2-1.0.8-hda65f42_8
  ca-certificates-2025.10.5-hbd8a1cb_0
  cached-property-1.5.2-hd8ed1ab_1
  cached_property-1.5.2-pyha770c72_1
  cairo-1.18.4-h3394656_0
  certifi-2025.10.5-pyhd8ed1ab_0
  cffi-2.0.0-py310he7384ee_1
  charset-normalizer-3.4.4-pyhd8ed1ab_0
  comm-0.2.3-pyhe01879c_0
  contourpy-1.3.2-py310h3788b33_0
  cpython-3.10.19-py310hd8ed1ab_2
  cryptography-46.0.3-py310hed992bd_0
  cuda-cudart-12.4.127-0
  cuda-cupti-12.4.127-0
  cuda-libraries-12.4.1-0
  cuda-nvrtc-12.4.127-0
  cuda-nvtx-12.4.127-0
  cuda-opencl-13.0.85-hf384b4a_0
  cuda-runtime-12.4.1-0
  cuda-version-13.0-3
  cycler-0.12.1-pyhd8ed1ab_1
  cyrus-sasl-2.1.28-hd9c7081_0
  dbus-1.16.2-h3c4dab8_0
  debugpy-1.8.17-py310h25320af_0
  decorator-5.2.1-pyhd8ed1ab_0
  defusedxml-0.7.1-pyhd8ed1ab_0
  deprecated-1.3.1-pyhd8ed1ab_0
  double-conversion-3.3.1-h5888daf_0
  exceptiongroup-1.3.0-pyhd8ed1ab_0
  executing-2.2.1-pyhd8ed1ab_0
  filelock-3.20.0-pyhd8ed1ab_0
  font-ttf-dejavu-sans-mono-2.37-hab24e00_0
  font-ttf-inconsolata-3.000-h77eed37_0
  font-ttf-source-code-pro-2.038-h77eed37_0
  font-ttf-ubuntu-0.83-h77eed37_3
  fontconfig-2.15.0-h7e30c49_1
  fonts-conda-ecosystem-1-0
  fonts-conda-forge-1-0
  fonttools-4.60.1-py310h3406613_0
  fqdn-1.5.1-pyhd8ed1ab_1
  freetype-2.14.1-ha770c72_0
  git-lfs-3.7.1-h6138981_0
  gmp-6.3.0-hac33072_2
  gmpy2-2.2.1-py310h63ebcad_1
  graphite2-1.3.14-hecca717_2
  h11-0.16.0-pyhd8ed1ab_0
  h2-4.3.0-pyhcf101f3_0
  harfbuzz-12.1.0-h15599e2_0
  hpack-4.1.0-pyhd8ed1ab_0
  httpcore-1.0.9-pyh29332c3_0
  httpx-0.28.1-pyhd8ed1ab_0
  hyperframe-6.1.0-pyhd8ed1ab_0
  icu-75.1-he02047a_0
  idna-3.11-pyhd8ed1ab_0
  importlib-metadata-8.7.0-pyhe01879c_1
  intel-openmp-2022.1.0-h9e868ea_3769
  ipykernel-7.1.0-pyha191276_0
  ipython-8.37.0-pyh8f84b5b_0
  ipywidgets-8.1.8-pyhd8ed1ab_0
  isoduration-20.11.0-pyhd8ed1ab_1
  jedi-0.19.2-pyhd8ed1ab_1
  jinja2-3.1.6-pyhd8ed1ab_0
  json5-0.12.1-pyhd8ed1ab_0
  jsonpointer-3.0.0-py310hff52083_2
  jsonschema-4.25.1-pyhe01879c_0
  jsonschema-specifications-2025.9.1-pyhcf101f3_0
  jsonschema-with-format-nongpl-4.25.1-he01879c_0
  jupyter-1.1.1-pyhd8ed1ab_1
  jupyter-lsp-2.3.0-pyhcf101f3_0
  jupyter_client-8.6.3-pyhd8ed1ab_1
  jupyter_console-6.6.3-pyhd8ed1ab_1
  jupyter_core-5.9.1-pyhc90fa1f_0
  jupyter_events-0.12.0-pyh29332c3_0
  jupyter_server-2.17.0-pyhcf101f3_0
  jupyter_server_terminals-0.5.3-pyhd8ed1ab_1
  jupyterlab-4.4.10-pyhd8ed1ab_0
  jupyterlab_pygments-0.3.0-pyhd8ed1ab_2
  jupyterlab_server-2.28.0-pyhcf101f3_0
  jupyterlab_widgets-3.0.16-pyhd8ed1ab_0
  keyutils-1.6.3-hb9d3cd8_0
  kiwisolver-1.4.9-py310haaf941d_1
  krb5-1.21.3-h659f571_0
  lark-1.3.1-pyhd8ed1ab_0
  lcms2-2.17-h717163a_0
  ld_impl_linux-64-2.44-h1aa0949_4
  lerc-4.0.0-h0aef613_1
  libblas-3.9.0-16_linux64_mkl
  libbrotlicommon-1.2.0-h09219d5_0
  libbrotlidec-1.2.0-hd53d788_0
  libbrotlienc-1.2.0-h02bd7ab_0
  libcblas-3.9.0-16_linux64_mkl
  libclang-cpp21.1-21.1.4-default_h99862b1_0
  libclang13-21.1.4-default_h746c552_0
  libcublas-12.4.5.8-0
  libcufft-11.2.1.3-0
  libcufile-1.15.1.6-h2e68323_0
  libcups-2.3.3-hb8b1518_5
  libcurand-10.4.0.35-h50d9014_0
  libcusolver-11.6.1.9-0
  libcusparse-12.3.1.170-0
  libdeflate-1.25-h17f619e_0
  libdrm-2.4.125-hb03c661_1
  libedit-3.1.20250104-pl5321h7949ede_0
  libegl-1.7.0-ha4b6fd6_2
  libexpat-2.7.1-hecca717_0
  libffi-3.5.2-h9ec8514_0
  libfreetype-2.14.1-ha770c72_0
  libfreetype6-2.14.1-h73754d4_0
  libgcc-15.2.0-h767d61c_7
  libgcc-ng-15.2.0-h69a702a_7
  libgl-1.7.0-ha4b6fd6_2
  libglib-2.86.1-h32235b2_1
  libglvnd-1.7.0-ha4b6fd6_2
  libglx-1.7.0-ha4b6fd6_2
  libgomp-15.2.0-h767d61c_7
  libiconv-1.18-h3b78370_2
  libjpeg-turbo-3.1.2-hb03c661_0
  liblapack-3.9.0-16_linux64_mkl
  libllvm21-21.1.4-hf7376ad_0
  liblzma-5.8.1-hb9d3cd8_2
  libnpp-12.2.5.30-0
  libnsl-2.0.1-hb9d3cd8_1
  libntlm-1.8-hb9d3cd8_0
  libnvfatbin-13.0.85-hf384b4a_0
  libnvjitlink-12.4.127-0
  libnvjpeg-12.3.1.117-0
  libopengl-1.7.0-ha4b6fd6_2
  libpciaccess-0.18-hb9d3cd8_0
  libpng-1.6.50-h421ea60_1
  libpq-18.0-h3675c94_0
  libsodium-1.0.20-h4ab18f5_0
  libsqlite-3.50.4-h0c1763c_0
  libstdcxx-15.2.0-h8f9b012_7
  libstdcxx-ng-15.2.0-h4852527_7
  libtiff-4.7.1-h9d88235_1
  libuuid-2.41.2-he9a06e4_0
  libvulkan-loader-1.4.328.1-h5279c79_0
  libwebp-base-1.6.0-hd42ef1d_0
  libxcb-1.17.0-h8a09558_0
  libxcrypt-4.4.36-hd590300_1
  libxkbcommon-1.12.3-hca5e8e5_0
  libxml2-2.15.1-h26afc86_0
  libxml2-16-2.15.1-ha9997c6_0
  libxslt-1.1.43-h711ed8c_1
  libzlib-1.3.1-hb9d3cd8_2
  llvm-openmp-15.0.7-h0cdce71_0
  loguru-0.7.3-pyh707e725_0
  lxml-6.0.2-py310he6d4be0_1
  markupsafe-3.0.3-py310h3406613_0
  matplotlib-3.10.7-py310hff52083_0
  matplotlib-base-3.10.7-py310hfde16b3_0
  matplotlib-inline-0.2.1-pyhd8ed1ab_0
  mistune-3.1.4-pyhcf101f3_0
  mkl-2022.1.0-hc2b9512_224
  mpc-1.3.1-h24ddda3_1
  mpfr-4.2.1-h90cbb55_3
  mpmath-1.3.0-pyhd8ed1ab_1
  munkres-1.1.4-pyhd8ed1ab_1
  nbclient-0.10.2-pyhd8ed1ab_0
  nbconvert-core-7.16.6-pyhcf101f3_1
  nbformat-5.10.4-pyhd8ed1ab_1
  ncurses-6.5-h2d0b736_3
  nest-asyncio-1.6.0-pyhd8ed1ab_1
  networkx-3.4.2-pyh267e887_2
  notebook-7.4.7-pyhd8ed1ab_0
  notebook-shim-0.2.4-pyhd8ed1ab_1
  numpy-2.2.6-py310hefbff90_0
  ocl-icd-2.3.3-hb9d3cd8_0
  opencl-headers-2025.06.13-h5888daf_0
  openjpeg-2.5.4-h55fea9a_0
  openldap-2.6.10-he970967_0
  openssl-3.5.4-h26f9b46_0
  overrides-7.7.0-pyhd8ed1ab_1
  packaging-25.0-pyh29332c3_1
  pandocfilters-1.5.0-pyhd8ed1ab_0
  parso-0.8.5-pyhcf101f3_0
  pcre2-10.46-h1321c63_0
  pexpect-4.9.0-pyhd8ed1ab_1
  pickleshare-0.7.5-pyhd8ed1ab_1004
  pillow-12.0.0-py310h80abafc_0
  pip-25.2-pyh8b19718_0
  pixman-0.46.4-h54a6638_1
  platformdirs-4.5.0-pyhcf101f3_0
  prometheus_client-0.23.1-pyhd8ed1ab_0
  prompt-toolkit-3.0.52-pyha770c72_0
  prompt_toolkit-3.0.52-hd8ed1ab_0
  psutil-7.1.3-py310h139afa4_0
  pthread-stubs-0.4-hb9d3cd8_1002
  ptyprocess-0.7.0-pyhd8ed1ab_1
  pure_eval-0.2.3-pyhd8ed1ab_1
  pycparser-2.22-pyh29332c3_1
  pygithub-2.8.1-pyhd8ed1ab_0
  pygments-2.19.2-pyhd8ed1ab_0
  pyjwt-2.10.1-pyhd8ed1ab_0
  pynacl-1.6.0-py310h7c4b9e2_0
  pyparsing-3.2.5-pyhcf101f3_0
  pyside6-6.9.3-py310h2007e60_1
  pysocks-1.7.1-pyha55dd90_7
  python-3.10.19-h3c07f61_2_cpython
  python-dateutil-2.9.0.post0-pyhe01879c_2
  python-fastjsonschema-2.21.2-pyhe01879c_0
  python-json-logger-2.0.7-pyhd8ed1ab_0
  python-tzdata-2025.2-pyhd8ed1ab_0
  python_abi-3.10-8_cp310
  pytorch-2.5.1-py3.10_cuda12.4_cudnn9.1.0_0
  pytorch-cuda-12.4-hc786d27_7
  pytorch-mutex-1.0-cuda
  pytz-2025.2-pyhd8ed1ab_0
  pyyaml-6.0.3-py310h3406613_0
  pyzmq-27.1.0-py310h4f33d48_0
  qhull-2020.2-h434a139_5
  qt6-main-6.9.3-h5c1c036_1
  readline-8.2-h8c095d6_2
  referencing-0.37.0-pyhcf101f3_0
  requests-2.32.5-pyhd8ed1ab_0
  rfc3339-validator-0.1.4-pyhd8ed1ab_1
  rfc3986-validator-0.1.1-pyh9f0ad1d_0
  rfc3987-syntax-1.1.0-pyhe01879c_1
  rpds-py-0.28.0-py310hd8f68c5_1
  send2trash-1.8.3-pyh0d859eb_1
  setuptools-80.9.0-pyhff2d567_0
  six-1.17.0-pyhe01879c_1
  sniffio-1.3.1-pyhd8ed1ab_1
  soupsieve-2.8-pyhd8ed1ab_0
  stack_data-0.6.3-pyhd8ed1ab_1
  sympy-1.14.0-pyh2585a3b_105
  terminado-0.18.1-pyh0d859eb_0
  tinycss2-1.4.0-pyhd8ed1ab_0
  tk-8.6.13-noxft_hd72426e_102
  tomli-2.3.0-pyhcf101f3_0
  torchtriton-3.1.0-py310
  tornado-6.5.2-py310h7c4b9e2_1
  traitlets-5.14.3-pyhd8ed1ab_1
  typing-extensions-4.15.0-h396c80c_0
  typing_extensions-4.15.0-pyhcf101f3_0
  typing_utils-0.1.0-pyhd8ed1ab_1
  tzdata-2025b-h78e105d_0
  unicodedata2-16.0.0-py310h7c4b9e2_1
  uri-template-1.3.0-pyhd8ed1ab_1
  urllib3-2.5.0-pyhd8ed1ab_0
  wayland-1.24.0-hd6090a7_1
  wcwidth-0.2.14-pyhd8ed1ab_0
  webcolors-25.10.0-pyhd8ed1ab_0
  webencodings-0.5.1-pyhd8ed1ab_3
  websocket-client-1.9.0-pyhd8ed1ab_0
  wheel-0.45.1-pyhd8ed1ab_1
  widgetsnbextension-4.0.15-pyhd8ed1ab_0
  wrapt-1.17.3-py310h7c4b9e2_1
  xcb-util-0.4.1-h4f16b4b_2
  xcb-util-cursor-0.1.5-hb9d3cd8_0
  xcb-util-image-0.4.0-hb711507_2
  xcb-util-keysyms-0.4.1-hb711507_0
  xcb-util-renderutil-0.3.10-hb711507_0
  xcb-util-wm-0.4.2-hb711507_0
  xkeyboard-config-2.46-hb03c661_0
  xorg-libice-1.1.2-hb9d3cd8_0
  xorg-libsm-1.2.6-he73a12e_0
  xorg-libx11-1.8.12-h4f16b4b_0
  xorg-libxau-1.0.12-hb9d3cd8_0
  xorg-libxcomposite-0.4.6-hb9d3cd8_2
  xorg-libxcursor-1.2.3-hb9d3cd8_0
  xorg-libxdamage-1.1.6-hb9d3cd8_0
  xorg-libxdmcp-1.1.5-hb9d3cd8_0
  xorg-libxext-1.3.6-hb9d3cd8_0
  xorg-libxfixes-6.0.2-hb03c661_0
  xorg-libxi-1.8.2-hb9d3cd8_0
  xorg-libxrandr-1.5.4-hb9d3cd8_0
  xorg-libxrender-0.9.12-hb9d3cd8_0
  xorg-libxtst-1.2.5-hb9d3cd8_3
  xorg-libxxf86vm-1.1.6-hb9d3cd8_0
  yaml-0.2.5-h280c20c_3
  zeromq-4.3.5-h387f397_9
  zipp-3.23.0-pyhd8ed1ab_0
  zlib-1.3.1-hb9d3cd8_2
  zlib-ng-2.2.5-hde8ca8f_0
  zstandard-0.25.0-py310h139afa4_0
  zstd-1.5.7-hb8e6e7a_2


Preparing transaction: ...working... done
Verifying transaction: ...working... done
Executing transaction: ...working... done
Channels:
 - pytorch
 - nvidia
 - conda-forge
 - defaults
Platform: linux-64
Collecting package metadata (repodata.json): ...working... done
Solving environment: ...working... done

Downloading and Extracting Packages: ...working... done
Preparing transaction: ...working... done
Verifying transaction: ...working... done
Executing transaction: ...working... done
Installing pip dependencies: ...working... Pip subprocess error:
ERROR: reprover/ is not a valid editable requirement. It should either be a path to a local project or a VCS URL (beginning with bzr+http, bzr+https, bzr+ssh, bzr+sftp, bzr+ftp, bzr+lp, bzr+file, git+http, git+https, git+ssh, git+git, git+file, hg+file, hg+http, hg+https, hg+ssh, hg+static-http, svn+ssh, svn+http, svn+https, svn+svn, svn+file).

Ran pip subprocess with arguments:
['/home/gkoopman/.conda/envs/lean-reinforcement/bin/python', '-m', 'pip', 'install', '-U', '-r', '/gpfs/home1/gkoopman/lean_reinforcement/condaenv.t003wfts.requirements.txt', '--exists-action=b']
Pip subprocess output:

failed

CondaEnvException: Pip failed

