============================================================================================== 
Warning! Mixing Conda and module environments may lead to corruption of the
user environment. 
We do not recommend users mixing those two environments unless absolutely
necessary. Note that 
SURF does not provide any support for Conda environment.
For more information, please refer to our software policy page:
https://servicedesk.surf.nl/wiki/display/WIKI/Software+policy+Snellius#SoftwarepolicySnellius-UseofAnacondaandMinicondaenvironmentsonSnellius 

Remember that many packages have already been installed on the system and can
be loaded using 
the 'module load <package__name>' command. If you are uncertain if a package is
already available 
on the system, please use 'module avail' or 'module spider' to search for it.
============================================================================================== 
Starting Simplified LeanDojo RL Training - Job ID: 14597016
Node: 0, Task: 0
GPU allocation: 1
Python version: Python 3.10.18
PyTorch version: 2.7.1+cu126
CUDA available: True
Cache directory: /gpfs/scratch1/shared/lean-reinforcement/datasets/lean_dojo_cache
Cache directory size: 37G
Starting simplified LeanDojo RL training...
/home/gkoopman/.conda/envs/lean-reinforcement/lib/python3.10/runpy.py:126: RuntimeWarning: 'lean_rl.agents.transformer.simplified.trainer' found in sys.modules after import of package 'lean_rl.agents.transformer.simplified', but prior to execution of 'lean_rl.agents.transformer.simplified.trainer'; this may result in unpredictable behaviour
  warn(RuntimeWarning(msg))
2025-09-10 19:47:28.565 | INFO     | lean_dojo.data_extraction.trace:get_traced_repo_path:210 - Tracing LeanGitRepo(url='https://github.com/leanprover-community/mathlib4', commit='b5eba595428809e96f3ed113bc7ba776c5f801ac')
info: downloading https://releases.lean-lang.org/lean4/v4.8.0/lean-4.8.0-linux.tar.zst
info: installing /home/gkoopman/.elan/toolchains/leanprover--lean4---v4.8.0
info: batteries: cloning https://github.com/leanprover-community/batteries to '././.lake/packages/batteries'
info: Qq: cloning https://github.com/leanprover-community/quote4 to '././.lake/packages/Qq'
info: aesop: cloning https://github.com/leanprover-community/aesop to '././.lake/packages/aesop'
info: proofwidgets: cloning https://github.com/leanprover-community/ProofWidgets4 to '././.lake/packages/proofwidgets'
info: Cli: cloning https://github.com/leanprover/lean4-cli to '././.lake/packages/Cli'
info: importGraph: cloning https://github.com/leanprover-community/import-graph.git to '././.lake/packages/importGraph'
✔ [1/4610] Fetched proofwidgets:optRelease
✔ [2/4610] Built Mathlib.Mathport.Rename
✔ [3/4610] Built Mathlib.Init.Data.Nat.Notation
✔ [4/4610] Built Batteries.CodeAction.Attr
✔ [5/4610] Built Batteries.CodeAction.Basic
✔ [6/4610] Built Batteries.Lean.Position
✔ [7/4610] Built Batteries.Data.List.Init.Lemmas
✔ [8/4610] Built Batteries.Data.String.Basic
✔ [9/4610] Built Mathlib.Data.Array.Defs
✔ [10/4610] Built Mathlib.Util.MemoFix
✔ [11/4610] Built Mathlib.Lean.Expr.ReplaceRec
✔ [12/4610] Built Mathlib.Lean.EnvExtension
✔ [13/4610] Built Batteries.Tactic.OpenPrivate
✔ [14/4610] Built Mathlib.Lean.Meta.Simp
✔ [15/4610] Built Batteries.Lean.Meta.Basic
✔ [16/4610] Built Batteries.Tactic.Init
✔ [17/4610] Built Batteries.Tactic.Lint.Basic
✔ [18/4610] Built Batteries.Tactic.Lint.Misc
✔ [19/4610] Built Batteries.Lean.NameMapAttribute
✔ [20/4610] Built Mathlib.Tactic.Eqns
✔ [21/4610] Built Batteries.Lean.Expr
✔ [22/4610] Built Batteries.Util.LibraryNote
✔ [23/4610] Built Batteries.Tactic.Lint.Simp
✔ [24/4610] Built Batteries.Tactic.Lint.TypeClass
✔ [25/4610] Built Batteries.Tactic.Lint.Frontend
✔ [26/4610] Built Batteries.Lean.Name
✔ [27/4610] Built Batteries.Data.Nat.Gcd
✔ [28/4610] Built Batteries.Lean.Float
✔ [29/4610] Built Mathlib.Tactic.Lemma
✔ [30/4610] Built Mathlib.Tactic.TypeStar
✔ [31/4610] Built Mathlib.Util.AssertExists
✔ [32/4610] Built Mathlib.Mathport.Attributes
✔ [33/4610] Built Mathlib.Tactic.ProjectionNotation
✔ [34/4610] Built Mathlib.Util.CompileInductive
✔ [35/4610] Built Batteries.Data.Nat.Basic
✔ [36/4610] Built Batteries.WF
✔ [37/4610] Built Mathlib.Tactic.PPWithUniv
✔ [38/4610] Built Mathlib.Tactic.ExtendDoc
✔ [39/4610] Built Batteries.Classes.BEq
✔ [40/4610] Built Batteries.Classes.Cast
✔ [41/4610] Built Batteries.Tactic.SeqFocus
✔ [42/4610] Built Batteries.Classes.Order
✔ [43/4610] Built Batteries.Classes.SatisfiesM
✔ [44/4610] Built Batteries.CodeAction.Misc
✔ [45/4610] Built Batteries.CodeAction
✔ [46/4610] Built Batteries.Control.ForInStep.Basic
✔ [47/4610] Built Batteries.Control.ForInStep.Lemmas
✔ [48/4610] Built Batteries.Control.ForInStep
✔ [49/4610] Built Batteries.Control.Lemmas
✔ [50/4610] Built Batteries.Data.MLList.Basic
✔ [51/4610] Built Batteries.Control.Nondet.Basic
✔ [52/4610] Built Batteries.Data.List.Init.Attach
✔ [53/4610] Built Batteries.Data.Array.Init.Lemmas
✔ [54/4610] Built Batteries.Data.Array.Basic
✔ [55/4610] Built Batteries.Util.ProofWanted
✔ [56/4610] Built Batteries.Data.Array.Match
✔ [57/4610] Built Batteries.Data.Array.Monadic
✔ [58/4610] Built Batteries.Data.UInt
✔ [59/4610] Built Batteries.Data.Char
✔ [60/4610] Built Batteries.Data.DList
✔ [61/4610] Built Batteries.Data.Fin.Basic
✔ [62/4610] Built Batteries.Data.Fin.Lemmas
✔ [63/4610] Built Batteries.Data.Fin
✔ [64/4610] Built Batteries.Data.LazyList
✔ [65/4610] Built Batteries.Data.MLList.Heartbeats
✔ [66/4610] Built Batteries.Data.PairingHeap
✔ [67/4610] Built Batteries.Data.String.Matcher
✔ [68/4610] Built Batteries.Data.Sum.Basic
✔ [69/4610] Built Batteries.Lean.TagAttribute
✔ [70/4610] Built Batteries.Lean.AttributeExtra
✔ [71/4610] Built Batteries.Lean.Delaborator
✔ [72/4610] Built Batteries.Lean.Except
✔ [73/4610] Built Batteries.Lean.HashMap
✔ [74/4610] Built Batteries.Lean.HashSet
✔ [75/4610] Built Batteries.Lean.IO.Process
✔ [76/4610] Built Batteries.Lean.Json
✔ [77/4610] Built Batteries.Lean.Meta.AssertHypotheses
✔ [78/4610] Built Batteries.Lean.Meta.Clear
✔ [79/4610] Built Batteries.Lean.Meta.Expr
✔ [80/4610] Built Batteries.Lean.PersistentHashMap
✔ [81/4610] Built Batteries.Lean.Meta.Inaccessible
✔ [82/4610] Built Batteries.Lean.Meta.InstantiateMVars
✔ [83/4610] Built Batteries.Lean.MonadBacktrack
✔ [84/4610] Built Batteries.Lean.Meta.SavedState
✔ [85/4610] Built Batteries.Lean.Meta.Simp
✔ [86/4610] Built Batteries.Lean.Meta.UnusedNames
✔ [87/4610] Built Batteries.Lean.NameMap
✔ [88/4610] Built Batteries.Lean.PersistentHashSet
✔ [89/4610] Built Batteries.Lean.SMap
✔ [90/4610] Built Batteries.Lean.Syntax
✔ [91/4610] Built Batteries.Lean.Util.EnvSearch
✔ [92/4610] Built Batteries.Lean.Util.Path
✔ [93/4610] Built Batteries.Tactic.Unreachable
✔ [94/4610] Built Batteries.Linter.UnreachableTactic
✔ [95/4610] Built Batteries.Linter.UnnecessarySeqFocus
✔ [96/4610] Built Batteries.Linter
✔ [97/4610] Built Batteries.Tactic.Basic
✔ [98/4610] Built Batteries.Tactic.Case
✔ [99/4610] Built Batteries.Tactic.Classical
✔ [100/4610] Built Batteries.Tactic.Congr
✔ [101/4610] Built Batteries.Tactic.Exact
✔ [102/4610] Built Batteries.Tactic.Instances
✔ [103/4610] Built Batteries.Tactic.NoMatch
✔ [104/4610] Built Batteries.Tactic.PrintDependents
✔ [105/4610] Built Batteries.Tactic.ShowUnused
✔ [106/4610] Built Batteries.Tactic.SqueezeScope
✔ [107/4610] Built Batteries.Tactic.Where
✔ [108/4610] Built Batteries.Test.Internal.DummyLabelAttr
✔ [109/4610] Built Batteries.Util.CheckTactic
✔ [110/4610] Built Batteries.Util.ExtendedBinder
✔ [111/4610] Built Batteries.Util.Pickle
✔ [112/4610] Built Mathlib.Tactic.AdaptationNote
✔ [113/4610] Built Mathlib.Tactic.Attr.Register
✔ [114/4610] Built Mathlib.Init.Set
✔ [115/4610] Built Mathlib.Init.Data.Ordering.Basic
✔ [116/4610] Built Mathlib.Tactic.Conv
✔ [117/4610] Built Mathlib.Tactic.SimpRw
✔ [118/4610] Built Aesop.Check
✔ [119/4610] Built Aesop.Nanos
✔ [120/4610] Built Aesop.Util.UnionFind
✔ [121/4610] Built Aesop.Options.Public
✔ [122/4610] Built Aesop.Options.Internal
✔ [123/4610] Built Aesop.Options
✔ [124/4610] Built Aesop.Percent
✔ [125/4610] Built Aesop.Script.UnstructuredScriptBuilder
✔ [126/4610] Built Aesop.Script.StructuredScriptBuilder
✔ [127/4610] Built Aesop.RuleSet.Name
✔ [128/4610] Built Aesop.ElabM
✔ [129/4610] Built Aesop.Frontend.Basic
✔ [130/4610] Built Aesop.RuleTac.ElabRuleTerm
✔ [131/4610] Built Aesop.RuleTac.Forward.Basic
✔ [132/4610] Built Aesop.Util.EqualUpToIds
✔ [133/4610] Built Aesop.Constants
✔ [134/4610] Built Aesop.Exception
✔ [135/4610] Built Mathlib.Tactic.Inhabit
✔ [136/4610] Built Mathlib.Tactic.Spread
✔ [137/4610] Built Mathlib.Data.Option.Defs
✔ [138/4610] Built Mathlib.Init.Data.Sigma.Basic
✔ [139/4610] Built Mathlib.Lean.Elab.Term
✔ [140/4610] Built Mathlib.Lean.PrettyPrinter.Delaborator
✔ [141/4610] Built Mathlib.Util.WithWeakNamespace
✔ [142/4610] Built Mathlib.Tactic.Coe
✔ [143/4610] Built Mathlib.Tactic.Substs
✔ [144/4610] Built Qq.ForLean.ReduceEval
✔ [145/4610] Built Qq.ForLean.ToExpr
✔ [146/4610] Built Qq.Typ
✔ [147/4610] Built Mathlib.Tactic.ApplyCongr
✔ [148/4610] Built Mathlib.Lean.Meta.Basic
✔ [149/4610] Built Mathlib.Tactic.ApplyAt
✔ [150/4610] Built Mathlib.Tactic.ApplyWith
✔ [151/4610] Built Mathlib.Tactic.CasesM
✔ [152/4610] Built Mathlib.Tactic.Check
✔ [153/4610] Built Mathlib.Util.Tactic
✔ [154/4610] Built Mathlib.Tactic.ClearExclamation
✔ [155/4610] Built Mathlib.Tactic.ClearExcept
✔ [156/4610] Built Mathlib.Tactic.Clear_
✔ [157/4610] Built Mathlib.Tactic.Constructor
✔ [158/4610] Built Mathlib.Tactic.ToLevel
✔ [159/4610] Built Mathlib.Tactic.Existsi
✔ [160/4610] Built Mathlib.Tactic.ExtractGoal
✔ [161/4610] Built Mathlib.Tactic.FailIfNoProgress
✔ [162/4610] Built Mathlib.Tactic.GuardGoalNums
✔ [163/4610] Built Mathlib.Tactic.GuardHypNums
✔ [164/4610] Built Mathlib.Tactic.HelpCmd
✔ [165/4610] Built Mathlib.Tactic.HigherOrder
✔ [166/4610] Built Mathlib.Tactic.InferParam
✔ [167/4610] Built Mathlib.Tactic.Linter.GlobalAttributeIn
✔ [168/4610] Built Mathlib.Tactic.Linter.HashCommandLinter
✔ [169/4610] Built Mathlib.Tactic.NthRewrite
✔ [170/4610] Built Mathlib.Tactic.Observe
✔ [171/4610] Built Mathlib.Tactic.Recover
✔ [172/4610] Built Mathlib.Tactic.Relation.Rfl
✔ [173/4610] Built Mathlib.Tactic.Rename
✔ [174/4610] Built Qq.ForLean.Do
✔ [175/4610] Built Qq.SortLocalDecls
✔ [176/4610] Built Mathlib.Tactic.Set
✔ [177/4610] Built Mathlib.Tactic.SimpIntro
✔ [178/4610] Built Mathlib.Tactic.SuccessIfFailWithMsg
✔ [179/4610] Built Mathlib.Tactic.SudoSetOption
✔ [180/4610] Built Mathlib.Tactic.SwapVar
✔ [181/4610] Built Mathlib.Util.WhatsNew
✔ [182/4610] Built Mathlib.Tactic.Trace
✔ [183/4610] Built Mathlib.Tactic.TypeCheck
✔ [184/4610] Built Mathlib.Tactic.UnsetOption
✔ [185/4610] Built Mathlib.Tactic.Variable
✔ [186/4610] Built Mathlib.Tactic.Widget.SelectInsertParamsClass
✔ [187/4610] Built ProofWidgets.Compat
✔ [188/4610] Built ProofWidgets.Component.Basic
✔ [189/4610] Built ProofWidgets.Util
✔ [190/4610] Built ProofWidgets.Cancellable
✔ [191/4610] Built Mathlib.Util.CountHeartbeats
✔ [192/4610] Built ImportGraph.RequiredModules
✔ [193/4610] Built Mathlib.Util.Delaborators
✔ [194/4610] Built Mathlib.Data.Bracket
✔ [195/4610] Built Mathlib.Tactic.Monotonicity.Attr
✔ [196/4610] Built Mathlib.Tactic.HaveI
✔ [197/4610] Built Mathlib.Control.ULift
✔ [198/4610] Built Mathlib.Tactic.TryThis
✔ [199/4610] Built Mathlib.Util.AtomM
✔ [200/4610] Built Mathlib.Util.DischargerAsTactic
✔ [201/4610] Built Mathlib.Init.Data.Fin.Basic
✔ [202/4610] Built Mathlib.Init.Quot
✔ [203/4610] Built Mathlib.Tactic.SuppressCompilation
✔ [204/4610] Built Mathlib.Init.Data.Sigma.Lex
✔ [205/4610] Built Mathlib.Init.Data.Prod
✔ [206/4610] Built Mathlib.Tactic.Monotonicity.Basic
✔ [207/4610] Built Mathlib.Util.AddRelatedDecl
✔ [208/4610] Built Mathlib.CategoryTheory.ConcreteCategory.Bundled
✔ [209/4610] Built Mathlib.Tactic.FunProp.Decl
✔ [210/4610] Built Mathlib.Tactic.FunProp.ToBatteries
✔ [211/4610] Built Mathlib.Tactic.FunProp.StateList
✔ [212/4610] Built Mathlib.Algebra.HierarchyDesign
✔ [213/4610] Built Mathlib.Data.Buffer.Parser.Basic
✔ [214/4610] Built Mathlib.Data.Buffer.Parser.Numeral
✔ [215/4610] Built Mathlib.Data.MLList.IO
✔ [216/4610] Built Mathlib.Data.Rbmap.Basic
✔ [217/4610] Built Mathlib.Data.Rbmap.Default
✔ [218/4610] Built Mathlib.Data.Rbtree.Basic
✔ [219/4610] Built Mathlib.Data.Rbtree.DefaultLt
✔ [220/4610] Built Mathlib.Data.Rbtree.Find
✔ [221/4610] Built Mathlib.Data.Rbtree.Insert
✔ [222/4610] Built Mathlib.Data.Rbtree.Main
✔ [223/4610] Built Mathlib.Data.Rbtree.MinMax
✔ [224/4610] Built Mathlib.Init.Classes.Order
✔ [225/4610] Built Mathlib.Init.Data.Nat.Div
✔ [226/4610] Built Mathlib.Init.Data.Nat.GCD
✔ [227/4610] Built Mathlib.Init.Data.Option.Basic
✔ [228/4610] Built Mathlib.Init.Data.Option.Init.Lemmas
✔ [229/4610] Built Mathlib.Init.Meta.WellFoundedTactics
✔ [230/4610] Built Mathlib.Lean.Exception
✔ [231/4610] Built Mathlib.Lean.Json
✔ [232/4610] Built Mathlib.Lean.LocalContext
✔ [233/4610] Built Mathlib.Lean.Message
✔ [234/4610] Built Mathlib.Tactic.Relation.Symm
✔ [235/4610] Built Mathlib.Tactic.Generalize
✔ [236/4610] Built Mathlib.Data.BinaryHeap
✔ [237/4610] Built Mathlib.Tactic.Explode.Datatypes
✔ [238/4610] Built Mathlib.Tactic.ScopedNS
✔ [239/4610] Built Mathlib.Tactic.ReduceModChar.Ext
✔ [240/4610] Built Mathlib.Util.TermBeta
✔ [241/4610] Built Mathlib.Tactic.GCongr.ForwardAttr
✔ [242/4610] Built Mathlib.Lean.Thunk
✔ [243/4610] Built Mathlib.Init.Data.Buffer.Parser
✔ [244/4610] Built ImportGraph.Imports
✔ [245/4610] Built Mathlib.Lean.Meta.DiscrTree
✔ [246/4610] Built Mathlib.Tactic.Explode.Pretty
✔ [247/4610] Built ProofWidgets.Component.MakeEditLink
✔ [248/4610] Built Batteries.CodeAction.Deprecated
✔ [249/4610] Built Mathlib.Util.SleepHeartbeats
✔ [250/4610] Built Mathlib.Util.GetAllModules
✔ [251/4610] Built Mathlib.Util.IncludeStr
✔ [252/4610] Built Mathlib.Util.Time
✔ [253/4610] Built ProofWidgets.Component.Recharts
✔ [254/4610] Built Mathlib.Tactic.Clean
✔ [255/4610] Built Mathlib.Tactic.Have
✔ [256/4610] Built Mathlib.Tactic.Recall
✔ [257/4610] Built Mathlib.Tactic.Explode
✔ [258/4610] Built Mathlib.Tactic.DeriveToExpr
✔ [259/4610] Built Mathlib.Data.Stream.Defs
✔ [260/4610] Built Batteries.Tactic.Lint
✔ [261/4610] Built Mathlib.Tactic.Replace
✔ [262/4610] Built ProofWidgets.Component.Panel.Basic
✔ [263/4610] Built Mathlib.Util.AssertNoSorry
✔ [264/4610] Built Batteries.Data.BinomialHeap.Basic
✔ [265/4610] Built Mathlib.Util.Export
✔ [266/4610] Built Batteries.Tactic.PrintPrefix
✔ [267/4610] Built ProofWidgets.Component.Panel.GoalTypePanel
✔ [268/4610] Built Mathlib.Init.Control.Combinators
✔ [269/4610] Built Mathlib.Tactic.Simps.NotationClass
✔ [270/4610] Built Mathlib.Tactic.Linter.Lint
✔ [271/4610] Built Mathlib.Tactic.ToExpr
✔ [272/4610] Built Batteries.Data.BinomialHeap.Lemmas
✔ [273/4610] Built Mathlib.Util.Superscript
✔ [274/4610] Built ProofWidgets.Data.Html
✔ [275/4610] Built Batteries.Data.BinomialHeap
✔ [276/4610] Built Mathlib.Lean.CoreM
✔ [277/4610] Built ProofWidgets.Component.FilterDetails
✔ [278/4610] Built ProofWidgets.Component.HtmlDisplay
✔ [279/4610] Built ProofWidgets.Component.PenroseDiagram
✔ [280/4610] Built ProofWidgets.Component.OfRpcMethod
✔ [281/4610] Built Mathlib.Data.MLList.DepthFirst
✔ [282/4610] Built Mathlib.Tactic.Linter
✔ [283/4610] Built ProofWidgets.Presentation.Expr
✔ [284/4610] Built Batteries.Tactic.Alias
✔ [285/4610] Built Mathlib.Tactic.Hint
✔ [286/4610] Built Mathlib.Tactic.Widget.SelectPanelUtils
✔ [287/4610] Built ProofWidgets.Data.Svg
✔ [288/4610] Built Mathlib.Tactic.FBinop
✔ [289/4610] Built Batteries.Data.Int.Order
✔ [290/4610] Built Batteries.Data.BitVec.Lemmas
✔ [291/4610] Built Batteries.Data.Bool
✔ [292/4610] Built Batteries.Data.Option.Lemmas
✔ [293/4610] Built Mathlib.Data.Array.Basic
✔ [294/4610] Built Batteries.Logic
✔ [295/4610] Built Mathlib.Data.SProd
✔ [296/4610] Built Batteries.Data.BitVec
✔ [297/4610] Built Batteries.Data.Option
✔ [298/4610] Built Mathlib.Init.Data.Bool.Basic
✔ [299/4610] Built Batteries.Data.Int.DivMod
✔ [300/4610] Built Batteries.Data.Nat.Lemmas
✔ [301/4610] Built Mathlib.Init.Data.Int.Lemmas
✔ [302/4610] Built Mathlib.Init.Data.Option.Lemmas
✔ [303/4610] Built Mathlib.Init.Data.Int.Basic
✔ [304/4610] Built Batteries.Data.Nat
✔ [305/4610] Built Batteries.Data.Int.Lemmas
✔ [306/4610] Built Mathlib.Init.Data.Int.DivMod
✔ [307/4610] Built Mathlib.Tactic.Attr.Core
✔ [308/4610] Built ProofWidgets.Component.Panel.SelectionPanel
✔ [309/4610] Built Batteries.Data.Int
✔ [310/4610] Built ProofWidgets.Component.InteractiveSvg
✔ [311/4610] Built Batteries.Data.Array.Merge
✔ [312/4610] Built Mathlib.Init.Data.Quot
✔ [313/4610] Built Qq.Macro
✔ [314/4610] Built Batteries.Data.Sum.Lemmas
✔ [315/4610] Built ProofWidgets
✔ [316/4610] Built Batteries.Lean.Meta.DiscrTree
✔ [317/4610] Built Batteries.Data.Rat.Basic
✔ [318/4610] Built Batteries.Data.Sum
✔ [319/4610] Built Mathlib.Tactic.Eval
✔ [320/4610] Built Aesop.Util.UnorderedArraySet
✔ [321/4610] Built Batteries.Classes.RatCast
✔ [322/4610] Built Batteries.Util.Cache
✔ [323/4610] Built Mathlib.Tactic.Linarith.SimplexAlgorithm.Datatypes
✔ [324/4610] Built Batteries.Data.RBMap.Basic
✔ [325/4610] Built Mathlib.Mathport.Notation
✔ [326/4610] Built Qq.Delab
✔ [327/4610] Built Mathlib.Data.Rat.Init
✔ [328/4610] Built Mathlib.Tactic.Linarith.SimplexAlgorithm.Gauss
✔ [329/4610] Built Mathlib.Tactic.Linarith.SimplexAlgorithm.SimplexAlgorithm
✔ [330/4610] Built Qq.MetaM
✔ [331/4610] Built Mathlib.Tactic.Find
✔ [332/4610] Built Mathlib.Tactic.Use
✔ [333/4610] Built Mathlib.Tactic.Linarith.SimplexAlgorithm.PositiveVector
✔ [334/4610] Built Batteries.Data.Rat.Lemmas
✔ [335/4610] Built Batteries.Data.Rat
✔ [336/4610] Built Mathlib.Init.Data.Rat.Basic
✔ [337/4610] Built Qq.AssertInstancesCommute
✔ [338/4610] Built Batteries.Data.List.Basic
✔ [339/4610] Built Mathlib.Data.String.Defs
✔ [340/4610] Built Mathlib.Init.Data.List.Basic
✔ [341/4610] Built Batteries.Tactic.PermuteGoals
✔ [342/4610] Built Mathlib.Lean.Meta
✔ [343/4610] Built Mathlib.Tactic.Widget.Conv
✔ [344/4610] Built Mathlib.Lean.Elab.Tactic.Basic
✔ [345/4610] Built Batteries.Data.AssocList
✔ [346/4610] Built Mathlib.Lean.Expr.Basic
✔ [347/4610] Built Mathlib.Tactic.Widget.Calc
✔ [348/4610] Built Mathlib.Lean.Expr
✔ [349/4610] Built Mathlib.Tactic.RenameBVar
✔ [350/4610] Built Batteries.Data.HashMap.Basic
✔ [351/4610] Built Mathlib.Tactic.Core
✔ [352/4610] Built Mathlib.Lean.Name
✔ [353/4610] Built Mathlib.Tactic.Cases
✔ [354/4610] Built Mathlib.Data.HashMap
✔ [355/4610] Built Mathlib.Data.DList.Defs
✔ [356/4610] Built Mathlib.Data.MLList.Dedup
✔ [357/4610] Built Qq.Match
✔ [358/4610] Built Mathlib.Tactic.Relation.Trans
✔ [359/4610] Built Qq
✔ [360/4610] Built Mathlib.Tactic.Propose
✔ [361/4610] Built Mathlib.Tactic.WLOG
✔ [362/4610] Built Mathlib.Tactic.CC.Datatypes
✔ [363/4610] Built Mathlib.Tactic.Says
✔ [364/4610] Built Mathlib.Util.SynthesizeUsing
✔ [365/4610] Built Batteries.Data.RBMap.WF
✔ [366/4610] Built Mathlib.Tactic.MkIffOfInductiveProp
✔ [367/4610] Built Batteries.Data.RBMap.Depth
✔ [368/4610] Built Mathlib.Util.Qq
✔ [369/4610] Built Mathlib.Tactic.SplitIfs
✔ [370/4610] Built Mathlib.Data.DList.Basic
✔ [371/4610] Built Mathlib.Init.Core
✔ [372/4610] Built Mathlib.Tactic.GeneralizeProofs
✔ [373/4610] Built Mathlib.Tactic.Simps.Basic
✔ [374/4610] Built Mathlib.Init.Logic
✔ [375/4610] Built Batteries.Data.RBMap.Alter
✔ [376/4610] Built Mathlib.Init.Align
✔ [377/4610] Built Mathlib.Tactic.CC.Lemmas
✔ [378/4610] Built Mathlib.Init.Data.Bool.Lemmas
✔ [379/4610] Built Mathlib.Init.Algebra.Classes
✔ [380/4610] Built Mathlib.Data.Buffer.Basic
✔ [381/4610] Built Mathlib.Data.Rbtree.Init
✔ [382/4610] Built Mathlib.Init.Data.Ordering.Lemmas
✔ [383/4610] Built Mathlib.Init.Order.Defs
✔ [384/4610] Built Mathlib.Init.Order.LinearOrder
✔ [385/4610] Built Mathlib.Init.Data.Int.Order
✔ [386/4610] Built Mathlib.Tactic.ToAdditive
✔ [387/4610] Built Mathlib.Init.ZeroOne
✔ [388/4610] Built Mathlib.Data.TypeMax
✔ [389/4610] Built Mathlib.Init.Data.Nat.Basic
✔ [390/4610] Built Mathlib.Tactic.GCongr.Core
✔ [391/4610] Built Mathlib.Algebra.Expr
✔ [392/4610] Built Batteries.Data.List.Lemmas
✔ [393/4610] Built Mathlib.Init.Data.Nat.Lemmas
✔ [394/4610] Built Mathlib.Init.Data.List.Instances
✔ [395/4610] Built Batteries.Lean.System.IO
✔ [396/4610] Built Mathlib.Init.Data.List.Lemmas
✔ [397/4610] Built Mathlib.Data.List.TFAE
✔ [398/4610] Built Batteries.Data.List.EraseIdx
✔ [399/4610] Built Batteries.Data.MLList.IO
✔ [400/4610] Built Mathlib.Data.List.ReduceOption
✔ [401/4610] Built Batteries.Data.List.Count
✔ [402/4610] Built Batteries.Data.MLList
✔ [403/4610] Built Batteries.Data.Range.Lemmas
✔ [404/4610] Built Batteries.Data.Range
✔ [405/4610] Built Batteries.Data.List.Pairwise
✔ [406/4610] Built Mathlib.Algebra.Group.Defs
✔ [407/4610] Built Mathlib.Tactic.TFAE
✔ [408/4610] Built Mathlib.Algebra.Group.Commutator
✔ [409/4610] Built Mathlib.Algebra.PEmptyInstances
✔ [410/4610] Built Mathlib.GroupTheory.EckmannHilton
✔ [411/4610] Built Mathlib.Algebra.Group.MinimalAxioms
✔ [412/4610] Built Mathlib.Algebra.Group.Semiconj.Defs
✔ [413/4610] Built Mathlib.Data.Nat.Cast.Defs
✔ [414/4610] Built Mathlib.Algebra.Group.Invertible.Defs
✔ [415/4610] Built Mathlib.Data.List.EditDistance.Defs
✔ [416/4610] Built Mathlib.Data.Int.Cast.Defs
✔ [417/4610] Built Mathlib.Algebra.Group.Commute.Defs
✔ [418/4610] Built Batteries.Data.List.Perm
✔ [419/4610] Built Batteries.Data.List
✔ [420/4610] Built Batteries.Data.String.Lemmas
✔ [421/4610] Built Batteries.Data.String
✔ [422/4610] Built Batteries.Data.Array.Lemmas
✔ [423/4610] Built Batteries.Data.Array
✔ [424/4610] Built Batteries.Data.HashMap.Lemmas
✔ [425/4610] Built Aesop.Util.Basic
✔ [426/4610] Built Batteries.Data.RBMap.Lemmas
✔ [427/4610] Built Batteries.Data.RBMap
✔ [428/4610] Built Aesop.Rule.Name
✔ [429/4610] Built Batteries.Data.ByteArray
✔ [430/4610] Built Aesop.Tracing
✔ [431/4610] Built Mathlib.Data.Array.ExtractLemmas
✔ [432/4610] Built Aesop.Util.Tactic
✔ [433/4610] Built Aesop.Script.ScriptBuilder
✔ [434/4610] Built Aesop.Stats.Basic
✔ [435/4610] Built Mathlib.Data.UnionFind
✔ [436/4610] Built Aesop.RulePattern
✔ [437/4610] Built Aesop.Index.Basic
✔ [438/4610] Built Aesop.Stats.Extension
✔ [439/4610] Built Aesop.Script.TacticState
✔ [440/4610] Built Batteries.Data.HashMap.WF
✔ [441/4610] Built Batteries.Data.UnionFind.Basic
✔ [442/4610] Built Aesop.Script.SpecificTactics
✔ [443/4610] Built Aesop.Stats.Report
✔ [444/4610] Built Batteries.Data.HashMap
✔ [445/4610] Built Aesop.RuleTac.Basic
✔ [446/4610] Built Mathlib.Util.LongNames
srun: Job step aborted: Waiting up to 32 seconds for job step to finish.
[2025-09-10T19:49:05.800] error: *** JOB 14597016 ON gcn35 CANCELLED AT 2025-09-10T19:49:05 DUE to SIGNAL Terminated ***
[2025-09-10T19:49:05.800] error: *** STEP 14597016.0 ON gcn35 CANCELLED AT 2025-09-10T19:49:05 DUE to SIGNAL Terminated ***

JOB STATISTICS
==============
Job ID: 14597016
Cluster: snellius
User/Group: gkoopman/gkoopman
State: CANCELLED (exit code 0)
Nodes: 1
Cores per node: 18
CPU Utilized: 00:00:06
CPU Efficiency: 0.11% of 01:27:36 core-walltime
Job Wall-clock time: 00:04:52
Memory Utilized: 2.11 GB
Memory Efficiency: 1.76% of 120.00 GB (120.00 GB/node)
