============================================================================================== 
Warning! Mixing Conda and module environments may lead to corruption of the
user environment. 
We do not recommend users mixing those two environments unless absolutely
necessary. Note that 
SURF does not provide any support for Conda environment.
For more information, please refer to our software policy page:
https://servicedesk.surf.nl/wiki/display/WIKI/Software+policy+Snellius#SoftwarepolicySnellius-UseofAnacondaandMinicondaenvironmentsonSnellius 

Remember that many packages have already been installed on the system and can
be loaded using 
the 'module load <package__name>' command. If you are uncertain if a package is
already available 
on the system, please use 'module avail' or 'module spider' to search for it.
============================================================================================== 
Starting debug training run...
usage: training.py [-h] [--repo-url REPO_URL] [--repo-commit REPO_COMMIT]
                   [--run-name RUN_NAME] [--max-episodes MAX_EPISODES]
                   [--max-steps-per-episode MAX_STEPS_PER_EPISODE]
                   [--eval-frequency EVAL_FREQUENCY]
                   [--save-frequency SAVE_FREQUENCY]
                   [--eval-episodes EVAL_EPISODES] [--no-evaluation]
training.py: error: unrecognized arguments: --output-dir /gpfs/scratch1/shared/lean-reinforcement/training_runs
srun: error: gcn62: task 0: Exited with exit code 2
srun: Terminating StepId=14317254.0
Training run finished.

JOB STATISTICS
==============
Job ID: 14317254
Cluster: snellius
User/Group: gkoopman/gkoopman
State: COMPLETED (exit code 0)
Nodes: 1
Cores per node: 18
CPU Utilized: 00:00:01
CPU Efficiency: 0.31% of 00:05:24 core-walltime
Job Wall-clock time: 00:00:18
Memory Utilized: 3.83 MB
Memory Efficiency: 0.00% of 120.00 GB (120.00 GB/node)
