============================================================================================== 
Warning! Mixing Conda and module environments may lead to corruption of the
user environment. 
We do not recommend users mixing those two environments unless absolutely
necessary. Note that 
SURF does not provide any support for Conda environment.
For more information, please refer to our software policy page:
https://servicedesk.surf.nl/wiki/display/WIKI/Software+policy+Snellius#SoftwarepolicySnellius-UseofAnacondaandMinicondaenvironmentsonSnellius 

Remember that many packages have already been installed on the system and can
be loaded using 
the 'module load <package__name>' command. If you are uncertain if a package is
already available 
on the system, please use 'module avail' or 'module spider' to search for it.
============================================================================================== 
Starting training run...
Traceback (most recent call last):
  File "/home/gkoopman/.conda/envs/lean-reinforcement/lib/python3.10/runpy.py", line 187, in _run_module_as_main
    mod_name, mod_spec, code = _get_module_details(mod_name, _Error)
  File "/home/gkoopman/.conda/envs/lean-reinforcement/lib/python3.10/runpy.py", line 110, in _get_module_details
    __import__(pkg_name)
  File "/gpfs/home1/gkoopman/lean_reinforcement/src/lean_rl/__init__.py", line 9, in <module>
    from .agents import (
  File "/gpfs/home1/gkoopman/lean_reinforcement/src/lean_rl/agents/__init__.py", line 9, in <module>
    from .transformer.model.agent import HierarchicalTransformerAgent
  File "/gpfs/home1/gkoopman/lean_reinforcement/src/lean_rl/agents/transformer/__init__.py", line 44, in <module>
    from .model.agent import (
  File "/gpfs/home1/gkoopman/lean_reinforcement/src/lean_rl/agents/transformer/model/agent.py", line 29, in <module>
    from .search import HierarchicalSearchTree
  File "/gpfs/home1/gkoopman/lean_reinforcement/src/lean_rl/agents/transformer/model/search.py", line 17, in <module>
    from .agent import HierarchicalTransformerAgent
ImportError: cannot import name 'HierarchicalTransformerAgent' from partially initialized module 'lean_rl.agents.transformer.model.agent' (most likely due to a circular import) (/gpfs/home1/gkoopman/lean_reinforcement/src/lean_rl/agents/transformer/model/agent.py)
srun: error: gcn48: task 0: Exited with exit code 1
srun: Terminating StepId=14459511.0
Training run finished.

JOB STATISTICS
==============
Job ID: 14459511
Cluster: snellius
User/Group: gkoopman/gkoopman
State: COMPLETED (exit code 0)
Nodes: 1
Cores per node: 18
CPU Utilized: 00:00:01
CPU Efficiency: 0.33% of 00:05:06 core-walltime
Job Wall-clock time: 00:00:17
Memory Utilized: 3.62 MB
Memory Efficiency: 0.00% of 120.00 GB (120.00 GB/node)
